<?xml version="1.0" encoding="UTF-8"?>
<!-- Generated by org.testng.reporters.JUnitReportReporter -->
<testsuite hostname="DESKTOP-R5U0RRK" name="com.saucelab.testCases.EndToEnd" tests="1" failures="0" timestamp="17 Jan 2024 03:43:09 GMT" time="3.870" errors="0">
  <testcase name="test1" time="3.870" classname="com.saucelab.testCases.EndToEnd"/>
</testsuite> <!-- com.saucelab.testCases.EndToEnd -->
