<?xml version="1.0" encoding="UTF-8"?>
<!-- Generated by org.testng.reporters.JUnitReportReporter -->
<testsuite hostname="DESKTOP-R5U0RRK" name="com.saucelab.testCases.RegressionTestCases" tests="1" failures="0" timestamp="19 Jan 2024 05:50:55 GMT" time="4.996" errors="0">
  <testcase name="testcases" time="4.996" classname="com.saucelab.testCases.RegressionTestCases"/>
</testsuite> <!-- com.saucelab.testCases.RegressionTestCases -->
