<?xml version="1.0" encoding="UTF-8"?>
<!-- Generated by org.testng.reporters.JUnitReportReporter -->
<testsuite hostname="DESKTOP-R5U0RRK" failures="0" tests="1" name="com.saucelab.testCases.RegressionTestCases" time="4.422" errors="0" timestamp="2024-01-23T07:22:56 IST" skipped="0">
  <testcase classname="com.saucelab.testCases.RegressionTestCases" name="testcases" time="4.422"/>
  <system-out/>
</testsuite> <!-- com.saucelab.testCases.RegressionTestCases -->
